mode: atomic
flatApp/pkg/platform/response/response.go:13.50,16.16 3 0
flatApp/pkg/platform/response/response.go:21.2,21.40 1 0
flatApp/pkg/platform/response/response.go:26.2,26.38 1 0
flatApp/pkg/platform/response/response.go:16.16,19.3 2 0
flatApp/pkg/platform/response/response.go:21.40,24.3 2 0
flatApp/pkg/platform/response/response.go:29.49,32.16 3 0
flatApp/pkg/platform/response/response.go:37.2,37.40 1 0
flatApp/pkg/platform/response/response.go:42.2,42.47 1 0
flatApp/pkg/platform/response/response.go:32.16,35.3 2 0
flatApp/pkg/platform/response/response.go:37.40,40.3 2 0
flatApp/pkg/platform/response/response.go:45.36,48.2 2 0
flatApp/pkg/platform/response/response.go:50.63,53.44 2 0
flatApp/pkg/platform/response/response.go:53.44,55.3 1 0
flatApp/pkg/platform/response/response.go:58.32,61.2 2 0
flatApp/pkg/platform/response/response.go:63.59,66.44 2 0
flatApp/pkg/platform/response/response.go:66.44,68.3 1 0
flatApp/pkg/flats/router.go:13.41,19.2 2 0
flatApp/pkg/flats/router.go:21.44,31.2 7 0
flatApp/pkg/flats/service.go:14.44,18.2 1 0
flatApp/pkg/flats/service.go:20.76,23.47 2 0
flatApp/pkg/flats/service.go:27.2,27.31 1 0
flatApp/pkg/flats/service.go:23.47,25.3 1 0
flatApp/pkg/flats/service.go:30.75,32.16 2 0
flatApp/pkg/flats/service.go:35.2,35.16 1 0
flatApp/pkg/flats/service.go:32.16,34.3 1 0
flatApp/pkg/flats/service.go:38.69,40.16 2 0
flatApp/pkg/flats/service.go:44.2,44.16 1 0
flatApp/pkg/flats/service.go:40.16,42.3 1 0
flatApp/pkg/flats/service.go:47.74,50.47 2 0
flatApp/pkg/flats/service.go:54.2,54.35 1 0
flatApp/pkg/flats/service.go:50.47,52.3 1 0
flatApp/pkg/flats/service.go:57.64,58.47 1 0
flatApp/pkg/flats/service.go:61.2,61.31 1 0
flatApp/pkg/flats/service.go:58.47,60.3 1 0
flatApp/tests/database/database.go:29.55,31.41 2 1
flatApp/tests/database/database.go:35.2,35.22 1 1
flatApp/tests/database/database.go:31.41,33.3 1 8
flatApp/tests/database/database.go:38.89,40.16 2 1
flatApp/tests/database/database.go:43.2,45.45 2 1
flatApp/tests/database/database.go:40.16,42.3 1 0
flatApp/tests/database/database.go:45.45,51.7 5 1
flatApp/tests/database/database.go:72.3,72.38 1 0
flatApp/tests/database/database.go:51.7,53.21 2 7
flatApp/tests/database/database.go:61.4,64.18 3 7
flatApp/tests/database/database.go:70.4,70.17 1 6
flatApp/tests/database/database.go:53.21,58.10 5 0
flatApp/tests/database/database.go:64.18,69.5 4 1
flatApp/tests/database/database.go:72.38,74.4 1 0
flatApp/tests/database/database.go:78.64,99.2 7 1
flatApp/tests/database/database.go:103.92,107.22 3 1
flatApp/tests/database/database.go:107.22,109.17 2 0
flatApp/tests/database/database.go:109.17,111.4 1 0
flatApp/tests/testData/data.go:5.30,15.2 1 1
flatApp/tests/testData/data.go:17.39,27.2 1 1
flatApp/tests/testData/data.go:29.44,39.2 1 1
flatApp/tests/testData/data.go:41.43,51.2 1 1
flatApp/internal/server.go:12.59,19.2 1 0
flatApp/internal/server.go:21.30,22.47 1 0
flatApp/internal/server.go:26.2,26.12 1 0
flatApp/internal/server.go:22.47,24.3 1 0
flatApp/pkg/flats/handler.go:15.38,19.2 1 0
flatApp/pkg/flats/handler.go:21.45,22.54 1 0
flatApp/pkg/flats/handler.go:22.54,24.17 2 0
flatApp/pkg/flats/handler.go:29.3,30.17 2 0
flatApp/pkg/flats/handler.go:35.3,36.17 2 0
flatApp/pkg/flats/handler.go:41.3,41.41 1 0
flatApp/pkg/flats/handler.go:24.17,27.4 2 0
flatApp/pkg/flats/handler.go:30.17,33.4 2 0
flatApp/pkg/flats/handler.go:36.17,39.4 2 0
flatApp/pkg/flats/handler.go:45.43,46.54 1 0
flatApp/pkg/flats/handler.go:46.54,50.17 3 0
flatApp/pkg/flats/handler.go:55.3,56.17 2 0
flatApp/pkg/flats/handler.go:61.3,61.37 1 0
flatApp/pkg/flats/handler.go:50.17,53.4 2 0
flatApp/pkg/flats/handler.go:56.17,59.4 2 0
flatApp/pkg/flats/handler.go:65.46,66.54 1 0
flatApp/pkg/flats/handler.go:66.54,68.17 2 0
flatApp/pkg/flats/handler.go:73.3,74.17 2 0
flatApp/pkg/flats/handler.go:78.3,78.37 1 0
flatApp/pkg/flats/handler.go:68.17,71.4 2 0
flatApp/pkg/flats/handler.go:74.17,76.4 1 0
flatApp/pkg/flats/handler.go:82.45,83.54 1 0
flatApp/pkg/flats/handler.go:83.54,87.17 3 0
flatApp/pkg/flats/handler.go:92.3,92.66 1 0
flatApp/pkg/flats/handler.go:97.3,97.17 1 0
flatApp/pkg/flats/handler.go:87.17,90.4 2 0
flatApp/pkg/flats/handler.go:92.66,95.4 2 0
flatApp/pkg/flats/handler.go:101.45,102.54 1 0
flatApp/pkg/flats/handler.go:102.54,105.59 2 0
flatApp/pkg/flats/handler.go:110.3,110.17 1 0
flatApp/pkg/flats/handler.go:105.59,108.4 2 0
flatApp/pkg/flats/repository.go:22.47,26.2 1 0
flatApp/pkg/flats/repository.go:28.85,34.16 4 0
flatApp/pkg/flats/repository.go:38.2,38.195 1 0
flatApp/pkg/flats/repository.go:42.2,42.16 1 0
flatApp/pkg/flats/repository.go:34.16,36.3 1 0
flatApp/pkg/flats/repository.go:38.195,40.3 1 0
flatApp/pkg/flats/repository.go:45.81,51.16 3 0
flatApp/pkg/flats/repository.go:54.2,64.29 2 0
flatApp/pkg/flats/repository.go:67.2,67.15 1 0
flatApp/pkg/flats/repository.go:51.16,53.3 1 0
flatApp/pkg/flats/repository.go:64.29,66.3 1 0
flatApp/pkg/flats/repository.go:70.75,79.16 5 0
flatApp/pkg/flats/repository.go:83.2,83.18 1 0
flatApp/pkg/flats/repository.go:100.2,100.19 1 0
flatApp/pkg/flats/repository.go:79.16,81.3 1 0
flatApp/pkg/flats/repository.go:83.18,93.17 2 0
flatApp/pkg/flats/repository.go:97.3,97.27 1 0
flatApp/pkg/flats/repository.go:93.17,95.4 1 0
flatApp/pkg/flats/repository.go:103.83,107.16 3 0
flatApp/pkg/flats/repository.go:111.2,111.118 1 0
flatApp/pkg/flats/repository.go:115.2,115.12 1 0
flatApp/pkg/flats/repository.go:107.16,109.3 1 0
flatApp/pkg/flats/repository.go:111.118,113.3 1 0
flatApp/pkg/flats/repository.go:118.70,122.16 3 0
flatApp/pkg/flats/repository.go:126.2,126.53 1 0
flatApp/pkg/flats/repository.go:130.2,130.12 1 0
flatApp/pkg/flats/repository.go:122.16,124.3 1 0
flatApp/pkg/flats/repository.go:126.53,128.3 1 0
flatApp/pkg/platform/repository/repository.go:19.48,31.16 3 0
flatApp/pkg/platform/repository/repository.go:35.2,35.16 1 0
flatApp/pkg/platform/repository/repository.go:31.16,33.3 1 0
flatApp/cmd/web/main.go:13.13,14.37 1 0
flatApp/cmd/web/main.go:18.2,27.16 2 0
flatApp/cmd/web/main.go:31.2,36.36 5 0
flatApp/cmd/web/main.go:14.37,16.3 1 0
flatApp/cmd/web/main.go:27.16,29.3 1 0
flatApp/cmd/web/main.go:36.36,38.3 1 0
flatApp/cmd/web/main.go:41.25,47.2 4 0
