mode: atomic
flatApp/main.go:30.13,42.16 4 0
flatApp/main.go:48.2,56.44 7 0
flatApp/main.go:42.16,44.3 1 0
flatApp/main.go:60.57,65.16 4 0
flatApp/main.go:69.2,72.16 3 0
flatApp/main.go:75.2,75.22 1 0
flatApp/main.go:65.16,67.3 1 0
flatApp/main.go:72.16,74.3 1 0
flatApp/main.go:79.55,84.18 4 1
flatApp/main.go:84.18,92.17 2 9
flatApp/main.go:97.3,99.17 3 9
flatApp/main.go:92.17,94.4 1 0
flatApp/main.go:99.17,101.4 1 0
flatApp/main.go:105.54,118.16 4 1
flatApp/main.go:123.2,125.16 3 0
flatApp/main.go:118.16,121.3 2 1
flatApp/main.go:125.16,127.3 1 0
flatApp/main.go:130.57,137.16 5 0
flatApp/main.go:141.2,144.16 3 0
flatApp/main.go:137.16,139.3 1 0
flatApp/main.go:144.16,147.3 2 0
flatApp/main.go:151.57,154.16 3 0
flatApp/main.go:154.16,156.3 1 0
